# JRE version: OpenJDK Runtime Environment (11.0.13) (build 11.0.13+0-b1751.21-8125866)
# Java VM: OpenJDK 64-Bit Server VM (11.0.13+0-b1751.21-8125866, mixed mode, tiered, compressed oops, g1 gc, windows-amd64)
Heap:
 garbage-first heap   total 96256K, used 66152K [0x0000000080000000, 0x0000000100000000)
  region size 1024K, 30 young (30720K), 5 survivors (5120K)
 Metaspace       used 52967K, capacity 54385K, committed 54608K, reserved 1097728K
  class space    used 6685K, capacity 7173K, committed 7296K, reserved 1048576K
GC Heap History (20 events):
Event: 10.781 GC heap before
{Heap before GC invocations=5 (full 0):
 garbage-first heap   total 96256K, used 52215K [0x0000000080000000, 0x0000000100000000)
  region size 1024K, 37 young (37888K), 3 survivors (3072K)
 Metaspace       used 24151K, capacity 24665K, committed 24832K, reserved 1071104K
  class space    used 3065K, capacity 3253K, committed 3328K, reserved 1048576K
}
Event: 10.785 GC heap after
{Heap after GC invocations=6 (full 0):
 garbage-first heap   total 96256K, used 18668K [0x0000000080000000, 0x0000000100000000)
  region size 1024K, 2 young (2048K), 2 survivors (2048K)
 Metaspace       used 24151K, capacity 24665K, committed 24832K, reserved 1071104K
  class space    used 3065K, capacity 3253K, committed 3328K, reserved 1048576K
}
Event: 11.415 GC heap before
{Heap before GC invocations=6 (full 0):
 garbage-first heap   total 96256K, used 55532K [0x0000000080000000, 0x0000000100000000)
  region size 1024K, 38 young (38912K), 2 survivors (2048K)
 Metaspace       used 27871K, capacity 28461K, committed 28800K, reserved 1075200K
  class space    used 3634K, capacity 3844K, committed 3968K, reserved 1048576K
}
Event: 11.418 GC heap after
{Heap after GC invocations=7 (full 0):
 garbage-first heap   total 96256K, used 19751K [0x0000000080000000, 0x0000000100000000)
  region size 1024K, 3 young (3072K), 3 survivors (3072K)
 Metaspace       used 27871K, capacity 28461K, committed 28800K, reserved 1075200K
  class space    used 3634K, capacity 3844K, committed 3968K, reserved 1048576K
}
Event: 12.140 GC heap before
{Heap before GC invocations=7 (full 0):
 garbage-first heap   total 96256K, used 58663K [0x0000000080000000, 0x0000000100000000)
  region size 1024K, 41 young (41984K), 3 survivors (3072K)
 Metaspace       used 33381K, capacity 34196K, committed 34304K, reserved 1079296K
  class space    used 4300K, capacity 4584K, committed 4608K, reserved 1048576K
}
Event: 12.144 GC heap after
{Heap after GC invocations=8 (full 0):
 garbage-first heap   total 96256K, used 22076K [0x0000000080000000, 0x0000000100000000)
  region size 1024K, 5 young (5120K), 5 survivors (5120K)
 Metaspace       used 33381K, capacity 34196K, committed 34304K, reserved 1079296K
  class space    used 4300K, capacity 4584K, committed 4608K, reserved 1048576K
}
Event: 12.375 GC heap before
{Heap before GC invocations=8 (full 0):
 garbage-first heap   total 96256K, used 25148K [0x0000000080000000, 0x0000000100000000)
  region size 1024K, 9 young (9216K), 5 survivors (5120K)
 Metaspace       used 35137K, capacity 35923K, committed 36048K, reserved 1081344K
  class space    used 4501K, capacity 4801K, committed 4864K, reserved 1048576K
}
Event: 12.385 GC heap after
{Heap after GC invocations=9 (full 0):
 garbage-first heap   total 96256K, used 22930K [0x0000000080000000, 0x0000000100000000)
  region size 1024K, 4 young (4096K), 4 survivors (4096K)
 Metaspace       used 35137K, capacity 35923K, committed 36048K, reserved 1081344K
  class space    used 4501K, capacity 4801K, committed 4864K, reserved 1048576K
}
Event: 12.875 GC heap before
{Heap before GC invocations=10 (full 0):
 garbage-first heap   total 96256K, used 52626K [0x0000000080000000, 0x0000000100000000)
  region size 1024K, 34 young (34816K), 4 survivors (4096K)
 Metaspace       used 37619K, capacity 38538K, committed 38608K, reserved 1083392K
  class space    used 4791K, capacity 5114K, committed 5120K, reserved 1048576K
}
Event: 12.879 GC heap after
{Heap after GC invocations=11 (full 0):
 garbage-first heap   total 96256K, used 25651K [0x0000000080000000, 0x0000000100000000)
  region size 1024K, 4 young (4096K), 4 survivors (4096K)
 Metaspace       used 37619K, capacity 38538K, committed 38608K, reserved 1083392K
  class space    used 4791K, capacity 5114K, committed 5120K, reserved 1048576K
}
Event: 13.283 GC heap before
{Heap before GC invocations=11 (full 0):
 garbage-first heap   total 96256K, used 60467K [0x0000000080000000, 0x0000000100000000)
  region size 1024K, 35 young (35840K), 4 survivors (4096K)
 Metaspace       used 39815K, capacity 40730K, committed 40912K, reserved 1085440K
  class space    used 5029K, capacity 5373K, committed 5376K, reserved 1048576K
}
Event: 13.286 GC heap after
{Heap after GC invocations=12 (full 0):
 garbage-first heap   total 96256K, used 27640K [0x0000000080000000, 0x0000000100000000)
  region size 1024K, 5 young (5120K), 5 survivors (5120K)
 Metaspace       used 39815K, capacity 40730K, committed 40912K, reserved 1085440K
  class space    used 5029K, capacity 5373K, committed 5376K, reserved 1048576K
}
Event: 13.825 GC heap before
{Heap before GC invocations=12 (full 0):
 garbage-first heap   total 96256K, used 62456K [0x0000000080000000, 0x0000000100000000)
  region size 1024K, 38 young (38912K), 5 survivors (5120K)
 Metaspace       used 43706K, capacity 44674K, committed 44752K, reserved 1087488K
  class space    used 5476K, capacity 5870K, committed 5888K, reserved 1048576K
}
Event: 13.829 GC heap after
{Heap after GC invocations=13 (full 0):
 garbage-first heap   total 96256K, used 29101K [0x0000000080000000, 0x0000000100000000)
  region size 1024K, 4 young (4096K), 4 survivors (4096K)
 Metaspace       used 43706K, capacity 44674K, committed 44752K, reserved 1087488K
  class space    used 5476K, capacity 5870K, committed 5888K, reserved 1048576K
}
Event: 14.384 GC heap before
{Heap before GC invocations=13 (full 0):
 garbage-first heap   total 96256K, used 64941K [0x0000000080000000, 0x0000000100000000)
  region size 1024K, 39 young (39936K), 4 survivors (4096K)
 Metaspace       used 46175K, capacity 47321K, committed 47440K, reserved 1091584K
  class space    used 5849K, capacity 6263K, committed 6272K, reserved 1048576K
}
Event: 14.389 GC heap after
{Heap after GC invocations=14 (full 0):
 garbage-first heap   total 96256K, used 30538K [0x0000000080000000, 0x0000000100000000)
  region size 1024K, 3 young (3072K), 3 survivors (3072K)
 Metaspace       used 46175K, capacity 47321K, committed 47440K, reserved 1091584K
  class space    used 5849K, capacity 6263K, committed 6272K, reserved 1048576K
}
Event: 15.697 GC heap before
{Heap before GC invocations=14 (full 0):
 garbage-first heap   total 96256K, used 67402K [0x0000000080000000, 0x0000000100000000)
  region size 1024K, 39 young (39936K), 3 survivors (3072K)
 Metaspace       used 48217K, capacity 49511K, committed 49616K, reserved 1091584K
  class space    used 6116K, capacity 6567K, committed 6656K, reserved 1048576K
}
Event: 15.701 GC heap after
{Heap after GC invocations=15 (full 0):
 garbage-first heap   total 96256K, used 32221K [0x0000000080000000, 0x0000000100000000)
  region size 1024K, 4 young (4096K), 4 survivors (4096K)
 Metaspace       used 48217K, capacity 49511K, committed 49616K, reserved 1091584K
  class space    used 6116K, capacity 6567K, committed 6656K, reserved 1048576K
}
Event: 22.237 GC heap before
{Heap before GC invocations=15 (full 0):
 garbage-first heap   total 96256K, used 73181K [0x0000000080000000, 0x0000000100000000)
  region size 1024K, 40 young (40960K), 4 survivors (4096K)
 Metaspace       used 49644K, capacity 51029K, committed 51280K, reserved 1093632K
  class space    used 6269K, capacity 6737K, committed 6784K, reserved 1048576K
}
Event: 22.377 GC heap after
{Heap after GC invocations=16 (full 0):
 garbage-first heap   total 96256K, used 42600K [0x0000000080000000, 0x0000000100000000)
  region size 1024K, 5 young (5120K), 5 survivors (5120K)
 Metaspace       used 49644K, capacity 51029K, committed 51280K, reserved 1093632K
  class space    used 6269K, capacity 6737K, committed 6784K, reserved 1048576K
}

